# JRE version: OpenJDK Runtime Environment (21.0.5) (build 21.0.5+-12932927-b750.29)
# Java VM: OpenJDK 64-Bit Server VM (21.0.5+-12932927-b750.29, mixed mode, tiered, compressed oops, compressed class ptrs, g1 gc, windows-amd64)
GC Precious Log:
 CardTable entry size: 512
 Card Set container configuration: InlinePtr #cards 4 size 8 Array Of Cards #cards 16 size 48 Howl #buckets 8 coarsen threshold 3686 Howl Bitmap #cards 512 size 80 coarsen threshold 460 Card regions per heap region 1 cards per card region 4096
 CPUs: 16 total, 16 available
 Memory: 16202M
 Large Page Support: Disabled
 NUMA Support: Disabled
 Compressed Oops: Enabled (Zero based)
 Heap Region Size: 2M
 Heap Min Capacity: 8M
 Heap Initial Capacity: 254M
 Heap Max Capacity: 4052M
 Pre-touch: Disabled
 Parallel Workers: 13
 Concurrent Workers: 3
 Concurrent Refinement Workers: 13
 Periodic GC: Disabled
Heap:
 garbage-first heap   total 100352K, used 65549K [0x0000000702c00000, 0x0000000800000000)
  region size 2048K, 2 young (4096K), 2 survivors (4096K)
 Metaspace       used 97046K, committed 97472K, reserved 1179648K
  class space    used 10410K, committed 10624K, reserved 1048576K
GC Heap History (20 events):
Event: 17.366 GC heap after
{Heap after GC invocations=13 (full 0):
 garbage-first heap   total 88064K, used 27431K [0x0000000702c00000, 0x0000000800000000)
  region size 2048K, 3 young (6144K), 3 survivors (6144K)
 Metaspace       used 58435K, committed 58752K, reserved 1114112K
  class space    used 6749K, committed 6848K, reserved 1048576K
}
Event: 19.236 GC heap before
{Heap before GC invocations=13 (full 0):
 garbage-first heap   total 88064K, used 66343K [0x0000000702c00000, 0x0000000800000000)
  region size 2048K, 23 young (47104K), 3 survivors (6144K)
 Metaspace       used 61306K, committed 61632K, reserved 1114112K
  class space    used 7064K, committed 7232K, reserved 1048576K
}
Event: 19.270 GC heap after
{Heap after GC invocations=14 (full 0):
 garbage-first heap   total 88064K, used 38912K [0x0000000702c00000, 0x0000000800000000)
  region size 2048K, 3 young (6144K), 3 survivors (6144K)
 Metaspace       used 61306K, committed 61632K, reserved 1114112K
  class space    used 7064K, committed 7232K, reserved 1048576K
}
Event: 23.803 GC heap before
{Heap before GC invocations=14 (full 0):
 garbage-first heap   total 88064K, used 69632K [0x0000000702c00000, 0x0000000800000000)
  region size 2048K, 18 young (36864K), 3 survivors (6144K)
 Metaspace       used 68447K, committed 68800K, reserved 1114112K
  class space    used 7957K, committed 8128K, reserved 1048576K
}
Event: 23.825 GC heap after
{Heap after GC invocations=15 (full 0):
 garbage-first heap   total 88064K, used 42574K [0x0000000702c00000, 0x0000000800000000)
  region size 2048K, 2 young (4096K), 2 survivors (4096K)
 Metaspace       used 68447K, committed 68800K, reserved 1114112K
  class space    used 7957K, committed 8128K, reserved 1048576K
}
Event: 27.042 GC heap before
{Heap before GC invocations=15 (full 0):
 garbage-first heap   total 88064K, used 71246K [0x0000000702c00000, 0x0000000800000000)
  region size 2048K, 16 young (32768K), 2 survivors (4096K)
 Metaspace       used 70111K, committed 70528K, reserved 1114112K
  class space    used 8118K, committed 8320K, reserved 1048576K
}
Event: 27.070 GC heap after
{Heap after GC invocations=16 (full 0):
 garbage-first heap   total 88064K, used 49056K [0x0000000702c00000, 0x0000000800000000)
  region size 2048K, 2 young (4096K), 2 survivors (4096K)
 Metaspace       used 70111K, committed 70528K, reserved 1114112K
  class space    used 8118K, committed 8320K, reserved 1048576K
}
Event: 29.962 GC heap before
{Heap before GC invocations=16 (full 0):
 garbage-first heap   total 88064K, used 73632K [0x0000000702c00000, 0x0000000800000000)
  region size 2048K, 14 young (28672K), 2 survivors (4096K)
 Metaspace       used 72668K, committed 73024K, reserved 1114112K
  class space    used 8242K, committed 8448K, reserved 1048576K
}
Event: 29.985 GC heap after
{Heap after GC invocations=17 (full 0):
 garbage-first heap   total 88064K, used 53347K [0x0000000702c00000, 0x0000000800000000)
  region size 2048K, 2 young (4096K), 2 survivors (4096K)
 Metaspace       used 72668K, committed 73024K, reserved 1114112K
  class space    used 8242K, committed 8448K, reserved 1048576K
}
Event: 32.151 GC heap before
{Heap before GC invocations=18 (full 0):
 garbage-first heap   total 92160K, used 73827K [0x0000000702c00000, 0x0000000800000000)
  region size 2048K, 12 young (24576K), 2 survivors (4096K)
 Metaspace       used 72977K, committed 73344K, reserved 1179648K
  class space    used 8264K, committed 8448K, reserved 1048576K
}
Event: 32.172 GC heap after
{Heap after GC invocations=19 (full 0):
 garbage-first heap   total 92160K, used 56344K [0x0000000702c00000, 0x0000000800000000)
  region size 2048K, 2 young (4096K), 2 survivors (4096K)
 Metaspace       used 72977K, committed 73344K, reserved 1179648K
  class space    used 8264K, committed 8448K, reserved 1048576K
}
Event: 34.932 GC heap before
{Heap before GC invocations=19 (full 0):
 garbage-first heap   total 92160K, used 78872K [0x0000000702c00000, 0x0000000800000000)
  region size 2048K, 13 young (26624K), 2 survivors (4096K)
 Metaspace       used 76306K, committed 76672K, reserved 1179648K
  class space    used 8494K, committed 8640K, reserved 1048576K
}
Event: 34.949 GC heap after
{Heap after GC invocations=20 (full 0):
 garbage-first heap   total 92160K, used 56537K [0x0000000702c00000, 0x0000000800000000)
  region size 2048K, 1 young (2048K), 1 survivors (2048K)
 Metaspace       used 76306K, committed 76672K, reserved 1179648K
  class space    used 8494K, committed 8640K, reserved 1048576K
}
Event: 36.558 GC heap before
{Heap before GC invocations=20 (full 0):
 garbage-first heap   total 92160K, used 81113K [0x0000000702c00000, 0x0000000800000000)
  region size 2048K, 13 young (26624K), 1 survivors (2048K)
 Metaspace       used 82031K, committed 82432K, reserved 1179648K
  class space    used 9020K, committed 9216K, reserved 1048576K
}
Event: 36.572 GC heap after
{Heap after GC invocations=21 (full 0):
 garbage-first heap   total 92160K, used 59157K [0x0000000702c00000, 0x0000000800000000)
  region size 2048K, 2 young (4096K), 2 survivors (4096K)
 Metaspace       used 82031K, committed 82432K, reserved 1179648K
  class space    used 9020K, committed 9216K, reserved 1048576K
}
Event: 38.235 GC heap before
{Heap before GC invocations=22 (full 0):
 garbage-first heap   total 100352K, used 81685K [0x0000000702c00000, 0x0000000800000000)
  region size 2048K, 13 young (26624K), 2 survivors (4096K)
 Metaspace       used 85702K, committed 86080K, reserved 1179648K
  class space    used 9332K, committed 9536K, reserved 1048576K
}
Event: 38.255 GC heap after
{Heap after GC invocations=23 (full 0):
 garbage-first heap   total 100352K, used 61266K [0x0000000702c00000, 0x0000000800000000)
  region size 2048K, 2 young (4096K), 2 survivors (4096K)
 Metaspace       used 85702K, committed 86080K, reserved 1179648K
  class space    used 9332K, committed 9536K, reserved 1048576K
}
Event: 40.681 GC heap before
{Heap before GC invocations=23 (full 0):
 garbage-first heap   total 100352K, used 87890K [0x0000000702c00000, 0x0000000800000000)
  region size 2048K, 15 young (30720K), 2 survivors (4096K)
 Metaspace       used 91471K, committed 91840K, reserved 1179648K
  class space    used 9934K, committed 10112K, reserved 1048576K
}
Event: 40.700 GC heap after
{Heap after GC invocations=24 (full 0):
 garbage-first heap   total 100352K, used 62832K [0x0000000702c00000, 0x0000000800000000)
  region size 2048K, 2 young (4096K), 2 survivors (4096K)
 Metaspace       used 91471K, committed 91840K, reserved 1179648K
  class space    used 9934K, committed 10112K, reserved 1048576K
}
Event: 45.427 GC heap before
{Heap before GC invocations=24 (full 0):
 garbage-first heap   total 100352K, used 89456K [0x0000000702c00000, 0x0000000800000000)
  region size 2048K, 15 young (30720K), 2 survivors (4096K)
 Metaspace       used 97046K, committed 97472K, reserved 1179648K
  class space    used 10410K, committed 10624K, reserved 1048576K
}

